TN:
SF:01-ratelimitter.js
FNF:0
FNH:0
DA:1,1
DA:2,1
DA:3,1
DA:4,1
DA:5,1
DA:6,1
DA:7,1
DA:8,2
DA:9,1
DA:10,1
DA:11,1
DA:12,1
DA:13,13
DA:14,13
DA:15,13
DA:16,13
DA:17,13
DA:18,13
DA:19,13
DA:20,13
DA:21,13
DA:22,13
DA:23,13
DA:24,2
DA:25,2
DA:26,2
DA:27,13
DA:28,13
DA:29,13
DA:30,13
DA:31,7
DA:32,7
DA:33,6
DA:34,6
DA:35,1
DA:36,1
DA:37,1
DA:38,6
DA:39,1
DA:40,1
DA:41,1
DA:42,1
DA:43,1
DA:44,1
DA:45,1
DA:46,1
DA:47,1
LF:47
LH:47
BRDA:7,0,0,2
BRDA:12,1,0,13
BRDA:23,2,0,2
BRDA:30,3,0,7
BRDA:32,4,0,6
BRDA:37,5,0,6
BRF:6
BRH:6
end_of_record
